  pch.cpp
  生态13.0.cpp
d:\mycppworkplace\生态系统全部文件\冯韵菱 张靖鸿 c++生态系统\生态系统整合版\生态14\生态13.0\shengtai.h(66): warning C4305: “初始化”: 从“double”到“float”截断
d:\mycppworkplace\生态系统全部文件\冯韵菱 张靖鸿 c++生态系统\生态系统整合版\生态14\生态13.0\shengtai.h(76): warning C4305: “初始化”: 从“double”到“float”截断
d:\mycppworkplace\生态系统全部文件\冯韵菱 张靖鸿 c++生态系统\生态系统整合版\生态14\生态13.0\shengtai.h(81): warning C4244: “+=”: 从“float”转换到“int”，可能丢失数据
d:\mycppworkplace\生态系统全部文件\冯韵菱 张靖鸿 c++生态系统\生态系统整合版\生态14\生态13.0\shengtai.h(97): warning C4244: “参数”: 从“float”转换到“int”，可能丢失数据
d:\mycppworkplace\生态系统全部文件\冯韵菱 张靖鸿 c++生态系统\生态系统整合版\生态14\生态13.0\shengtai.h(99): warning C4244: “参数”: 从“float”转换到“int”，可能丢失数据
d:\mycppworkplace\生态系统全部文件\冯韵菱 张靖鸿 c++生态系统\生态系统整合版\生态14\生态13.0\shengtai.h(104): warning C4305: “-=”: 从“double”到“float”截断
d:\mycppworkplace\生态系统全部文件\冯韵菱 张靖鸿 c++生态系统\生态系统整合版\生态14\生态13.0\shengtai.h(108): warning C4244: “参数”: 从“float”转换到“int”，可能丢失数据
d:\mycppworkplace\生态系统全部文件\冯韵菱 张靖鸿 c++生态系统\生态系统整合版\生态14\生态13.0\shengtai.h(108): warning C4244: “参数”: 从“double”转换到“int”，可能丢失数据
d:\mycppworkplace\生态系统全部文件\冯韵菱 张靖鸿 c++生态系统\生态系统整合版\生态14\生态13.0\shengtai.h(113): warning C4244: “参数”: 从“float”转换到“int”，可能丢失数据
d:\mycppworkplace\生态系统全部文件\冯韵菱 张靖鸿 c++生态系统\生态系统整合版\生态14\生态13.0\shengtai.h(115): warning C4244: “参数”: 从“float”转换到“int”，可能丢失数据
d:\mycppworkplace\生态系统全部文件\冯韵菱 张靖鸿 c++生态系统\生态系统整合版\生态14\生态13.0\shengtai.h(115): warning C4244: “参数”: 从“double”转换到“int”，可能丢失数据
d:\mycppworkplace\生态系统全部文件\冯韵菱 张靖鸿 c++生态系统\生态系统整合版\生态14\生态13.0\shengtai.h(120): warning C4244: “参数”: 从“float”转换到“int”，可能丢失数据
d:\mycppworkplace\生态系统全部文件\冯韵菱 张靖鸿 c++生态系统\生态系统整合版\生态14\生态13.0\shengtai.h(122): warning C4244: “参数”: 从“float”转换到“int”，可能丢失数据
d:\mycppworkplace\生态系统全部文件\冯韵菱 张靖鸿 c++生态系统\生态系统整合版\生态14\生态13.0\shengtai.h(122): warning C4244: “参数”: 从“double”转换到“int”，可能丢失数据
d:\mycppworkplace\生态系统全部文件\冯韵菱 张靖鸿 c++生态系统\生态系统整合版\生态14\生态13.0\shengtai.h(127): warning C4244: “参数”: 从“float”转换到“int”，可能丢失数据
d:\mycppworkplace\生态系统全部文件\冯韵菱 张靖鸿 c++生态系统\生态系统整合版\生态14\生态13.0\shengtai.h(129): warning C4244: “参数”: 从“float”转换到“int”，可能丢失数据
d:\mycppworkplace\生态系统全部文件\冯韵菱 张靖鸿 c++生态系统\生态系统整合版\生态14\生态13.0\shengtai.h(129): warning C4244: “参数”: 从“double”转换到“int”，可能丢失数据
d:\mycppworkplace\生态系统全部文件\冯韵菱 张靖鸿 c++生态系统\生态系统整合版\生态14\生态13.0\shengtai.h(134): warning C4244: “参数”: 从“float”转换到“int”，可能丢失数据
d:\mycppworkplace\生态系统全部文件\冯韵菱 张靖鸿 c++生态系统\生态系统整合版\生态14\生态13.0\shengtai.h(136): warning C4244: “参数”: 从“float”转换到“int”，可能丢失数据
d:\mycppworkplace\生态系统全部文件\冯韵菱 张靖鸿 c++生态系统\生态系统整合版\生态14\生态13.0\shengtai.h(136): warning C4244: “参数”: 从“double”转换到“int”，可能丢失数据
d:\mycppworkplace\生态系统全部文件\冯韵菱 张靖鸿 c++生态系统\生态系统整合版\生态14\生态13.0\shengtai.h(141): warning C4305: “初始化”: 从“double”到“float”截断
d:\mycppworkplace\生态系统全部文件\冯韵菱 张靖鸿 c++生态系统\生态系统整合版\生态14\生态13.0\shengtai.h(169): warning C4244: “=”: 从“double”转换到“float”，可能丢失数据
d:\mycppworkplace\生态系统全部文件\冯韵菱 张靖鸿 c++生态系统\生态系统整合版\生态14\生态13.0\shengtai.h(171): warning C4244: “=”: 从“double”转换到“float”，可能丢失数据
d:\mycppworkplace\生态系统全部文件\冯韵菱 张靖鸿 c++生态系统\生态系统整合版\生态14\生态13.0\shengtai.h(176): warning C4244: “初始化”: 从“double”转换到“float”，可能丢失数据
d:\mycppworkplace\生态系统全部文件\冯韵菱 张靖鸿 c++生态系统\生态系统整合版\生态14\生态13.0\shengtai.h(177): warning C4244: “初始化”: 从“double”转换到“float”，可能丢失数据
d:\mycppworkplace\生态系统全部文件\冯韵菱 张靖鸿 c++生态系统\生态系统整合版\生态14\生态13.0\shengtai.h(239): warning C4244: “=”: 从“int”转换到“float”，可能丢失数据
d:\mycppworkplace\生态系统全部文件\冯韵菱 张靖鸿 c++生态系统\生态系统整合版\生态14\生态13.0\shengtai.h(240): warning C4244: “=”: 从“int”转换到“float”，可能丢失数据
d:\mycppworkplace\生态系统全部文件\冯韵菱 张靖鸿 c++生态系统\生态系统整合版\生态14\生态13.0\shengtai.h(262): warning C4244: “=”: 从“int”转换到“float”，可能丢失数据
d:\mycppworkplace\生态系统全部文件\冯韵菱 张靖鸿 c++生态系统\生态系统整合版\生态14\生态13.0\shengtai.h(263): warning C4244: “=”: 从“int”转换到“float”，可能丢失数据
d:\mycppworkplace\生态系统全部文件\冯韵菱 张靖鸿 c++生态系统\生态系统整合版\生态14\生态13.0\shengtai.h(287): warning C4305: “=”: 从“double”到“float”截断
d:\mycppworkplace\生态系统全部文件\冯韵菱 张靖鸿 c++生态系统\生态系统整合版\生态14\生态13.0\shengtai.h(288): warning C4305: “=”: 从“double”到“float”截断
d:\mycppworkplace\生态系统全部文件\冯韵菱 张靖鸿 c++生态系统\生态系统整合版\生态14\生态13.0\shengtai.h(295): warning C4305: “=”: 从“double”到“float”截断
d:\mycppworkplace\生态系统全部文件\冯韵菱 张靖鸿 c++生态系统\生态系统整合版\生态14\生态13.0\shengtai.h(304): warning C4305: “=”: 从“double”到“float”截断
d:\mycppworkplace\生态系统全部文件\冯韵菱 张靖鸿 c++生态系统\生态系统整合版\生态14\生态13.0\shengtai.h(305): warning C4305: “=”: 从“double”到“float”截断
d:\mycppworkplace\生态系统全部文件\冯韵菱 张靖鸿 c++生态系统\生态系统整合版\生态14\生态13.0\shengtai.h(312): warning C4305: “=”: 从“double”到“float”截断
d:\mycppworkplace\生态系统全部文件\冯韵菱 张靖鸿 c++生态系统\生态系统整合版\生态14\生态13.0\shengtai.h(324): warning C4244: “参数”: 从“float”转换到“int”，可能丢失数据
d:\mycppworkplace\生态系统全部文件\冯韵菱 张靖鸿 c++生态系统\生态系统整合版\生态14\生态13.0\shengtai.h(326): warning C4244: “参数”: 从“float”转换到“int”，可能丢失数据
d:\mycppworkplace\生态系统全部文件\冯韵菱 张靖鸿 c++生态系统\生态系统整合版\生态14\生态13.0\shengtai.h(343): warning C4244: “=”: 从“double”转换到“float”，可能丢失数据
d:\mycppworkplace\生态系统全部文件\冯韵菱 张靖鸿 c++生态系统\生态系统整合版\生态14\生态13.0\shengtai.h(349): warning C4244: “=”: 从“double”转换到“float”，可能丢失数据
d:\mycppworkplace\生态系统全部文件\冯韵菱 张靖鸿 c++生态系统\生态系统整合版\生态14\生态13.0\shengtai.h(353): warning C4244: “初始化”: 从“double”转换到“float”，可能丢失数据
d:\mycppworkplace\生态系统全部文件\冯韵菱 张靖鸿 c++生态系统\生态系统整合版\生态14\生态13.0\shengtai.h(361): warning C4244: “=”: 从“double”转换到“float”，可能丢失数据
d:\mycppworkplace\生态系统全部文件\冯韵菱 张靖鸿 c++生态系统\生态系统整合版\生态14\生态13.0\shengtai.h(367): warning C4244: “=”: 从“double”转换到“float”，可能丢失数据
d:\mycppworkplace\生态系统全部文件\冯韵菱 张靖鸿 c++生态系统\生态系统整合版\生态14\生态13.0\shengtai.h(371): warning C4244: “初始化”: 从“double”转换到“float”，可能丢失数据
d:\mycppworkplace\生态系统全部文件\冯韵菱 张靖鸿 c++生态系统\生态系统整合版\生态14\生态13.0\shengtai.h(387): warning C4244: “=”: 从“int”转换到“float”，可能丢失数据
d:\mycppworkplace\生态系统全部文件\冯韵菱 张靖鸿 c++生态系统\生态系统整合版\生态14\生态13.0\shengtai.h(410): warning C4244: “=”: 从“int”转换到“float”，可能丢失数据
d:\mycppworkplace\生态系统全部文件\冯韵菱 张靖鸿 c++生态系统\生态系统整合版\生态14\生态13.0\shengtai.h(411): warning C4244: “=”: 从“int”转换到“float”，可能丢失数据
d:\mycppworkplace\生态系统全部文件\冯韵菱 张靖鸿 c++生态系统\生态系统整合版\生态14\生态13.0\shengtai.h(418): warning C4244: “=”: 从“int”转换到“float”，可能丢失数据
d:\mycppworkplace\生态系统全部文件\冯韵菱 张靖鸿 c++生态系统\生态系统整合版\生态14\生态13.0\shengtai.h(420): warning C4244: “=”: 从“int”转换到“float”，可能丢失数据
d:\mycppworkplace\生态系统全部文件\冯韵菱 张靖鸿 c++生态系统\生态系统整合版\生态14\生态13.0\shengtai.h(435): warning C4244: “=”: 从“int”转换到“float”，可能丢失数据
d:\mycppworkplace\生态系统全部文件\冯韵菱 张靖鸿 c++生态系统\生态系统整合版\生态14\生态13.0\shengtai.h(436): warning C4244: “=”: 从“int”转换到“float”，可能丢失数据
d:\mycppworkplace\生态系统全部文件\冯韵菱 张靖鸿 c++生态系统\生态系统整合版\生态14\生态13.0\shengtai.h(437): warning C4305: “=”: 从“double”到“float”截断
d:\mycppworkplace\生态系统全部文件\冯韵菱 张靖鸿 c++生态系统\生态系统整合版\生态14\生态13.0\shengtai.h(488): warning C4244: “参数”: 从“double”转换到“ege::color_t”，可能丢失数据
d:\mycppworkplace\生态系统全部文件\冯韵菱 张靖鸿 c++生态系统\生态系统整合版\生态14\生态13.0\shengtai.h(514): warning C4244: “=”: 从“int”转换到“float”，可能丢失数据
d:\mycppworkplace\生态系统全部文件\冯韵菱 张靖鸿 c++生态系统\生态系统整合版\生态14\生态13.0\shengtai.h(515): warning C4244: “=”: 从“int”转换到“float”，可能丢失数据
d:\mycppworkplace\生态系统全部文件\冯韵菱 张靖鸿 c++生态系统\生态系统整合版\生态14\生态13.0\shengtai.h(526): warning C4244: “=”: 从“int”转换到“float”，可能丢失数据
d:\mycppworkplace\生态系统全部文件\冯韵菱 张靖鸿 c++生态系统\生态系统整合版\生态14\生态13.0\shengtai.h(537): warning C4244: “=”: 从“int”转换到“float”，可能丢失数据
d:\mycppworkplace\生态系统全部文件\冯韵菱 张靖鸿 c++生态系统\生态系统整合版\生态14\生态13.0\shengtai.h(538): warning C4244: “=”: 从“int”转换到“float”，可能丢失数据
d:\mycppworkplace\生态系统全部文件\冯韵菱 张靖鸿 c++生态系统\生态系统整合版\生态14\生态13.0\shengtai.h(550): warning C4244: “=”: 从“int”转换到“float”，可能丢失数据
d:\mycppworkplace\生态系统全部文件\冯韵菱 张靖鸿 c++生态系统\生态系统整合版\生态14\生态13.0\shengtai.h(586): warning C4244: “=”: 从“int”转换到“float”，可能丢失数据
d:\mycppworkplace\生态系统全部文件\冯韵菱 张靖鸿 c++生态系统\生态系统整合版\生态14\生态13.0\shengtai.h(587): warning C4244: “=”: 从“int”转换到“float”，可能丢失数据
d:\mycppworkplace\生态系统全部文件\冯韵菱 张靖鸿 c++生态系统\生态系统整合版\生态14\生态13.0\shengtai.h(597): warning C4244: “=”: 从“int”转换到“float”，可能丢失数据
d:\mycppworkplace\生态系统全部文件\冯韵菱 张靖鸿 c++生态系统\生态系统整合版\生态14\生态13.0\shengtai.h(598): warning C4244: “=”: 从“int”转换到“float”，可能丢失数据
d:\mycppworkplace\生态系统全部文件\冯韵菱 张靖鸿 c++生态系统\生态系统整合版\生态14\生态13.0\shengtai.h(758): warning C4244: “参数”: 从“float”转换到“int”，可能丢失数据
d:\mycppworkplace\生态系统全部文件\冯韵菱 张靖鸿 c++生态系统\生态系统整合版\生态14\生态13.0\shengtai.h(762): warning C4244: “参数”: 从“float”转换到“int”，可能丢失数据
d:\mycppworkplace\生态系统全部文件\冯韵菱 张靖鸿 c++生态系统\生态系统整合版\生态14\生态13.0\shengtai.h(769): warning C4305: “-=”: 从“double”到“float”截断
d:\mycppworkplace\生态系统全部文件\冯韵菱 张靖鸿 c++生态系统\生态系统整合版\生态14\生态13.0\shengtai.h(803): warning C4244: “=”: 从“float”转换到“int”，可能丢失数据
d:\mycppworkplace\生态系统全部文件\冯韵菱 张靖鸿 c++生态系统\生态系统整合版\生态14\生态13.0\shengtai.h(804): warning C4244: “=”: 从“float”转换到“int”，可能丢失数据
d:\mycppworkplace\生态系统全部文件\冯韵菱 张靖鸿 c++生态系统\生态系统整合版\生态14\生态13.0\shengtai.h(814): warning C4244: “参数”: 从“float”转换到“int”，可能丢失数据
d:\mycppworkplace\生态系统全部文件\冯韵菱 张靖鸿 c++生态系统\生态系统整合版\生态14\生态13.0\shengtai.h(816): warning C4244: “参数”: 从“float”转换到“int”，可能丢失数据
d:\mycppworkplace\生态系统全部文件\冯韵菱 张靖鸿 c++生态系统\生态系统整合版\生态14\生态13.0\shengtai.h(836): warning C4244: “=”: 从“float”转换到“int”，可能丢失数据
d:\mycppworkplace\生态系统全部文件\冯韵菱 张靖鸿 c++生态系统\生态系统整合版\生态14\生态13.0\shengtai.h(837): warning C4244: “=”: 从“float”转换到“int”，可能丢失数据
d:\mycppworkplace\生态系统全部文件\冯韵菱 张靖鸿 c++生态系统\生态系统整合版\生态14\生态13.0\shengtai.h(848): warning C4244: “=”: 从“float”转换到“int”，可能丢失数据
d:\mycppworkplace\生态系统全部文件\冯韵菱 张靖鸿 c++生态系统\生态系统整合版\生态14\生态13.0\shengtai.h(849): warning C4244: “=”: 从“float”转换到“int”，可能丢失数据
d:\mycppworkplace\生态系统全部文件\冯韵菱 张靖鸿 c++生态系统\生态系统整合版\生态14\生态13.0\shengtai.h(907): warning C4244: “参数”: 从“float”转换到“int”，可能丢失数据
d:\mycppworkplace\生态系统全部文件\冯韵菱 张靖鸿 c++生态系统\生态系统整合版\生态14\生态13.0\shengtai.h(909): warning C4244: “参数”: 从“float”转换到“int”，可能丢失数据
d:\mycppworkplace\生态系统全部文件\冯韵菱 张靖鸿 c++生态系统\生态系统整合版\生态14\生态13.0\shengtai.h(914): warning C4244: “参数”: 从“float”转换到“int”，可能丢失数据
d:\mycppworkplace\生态系统全部文件\冯韵菱 张靖鸿 c++生态系统\生态系统整合版\生态14\生态13.0\shengtai.h(929): warning C4305: “=”: 从“double”到“float”截断
d:\mycppworkplace\生态系统全部文件\冯韵菱 张靖鸿 c++生态系统\生态系统整合版\生态14\生态13.0\shengtai.h(933): warning C4305: “=”: 从“double”到“float”截断
d:\mycppworkplace\生态系统全部文件\冯韵菱 张靖鸿 c++生态系统\生态系统整合版\生态14\生态13.0\shengtai.h(940): warning C4244: “=”: 从“int”转换到“float”，可能丢失数据
d:\mycppworkplace\生态系统全部文件\冯韵菱 张靖鸿 c++生态系统\生态系统整合版\生态14\生态13.0\shengtai.h(1007): warning C4244: “参数”: 从“float”转换到“int”，可能丢失数据
d:\mycppworkplace\生态系统全部文件\冯韵菱 张靖鸿 c++生态系统\生态系统整合版\生态14\生态13.0\生态13.0.cpp(90): warning C4244: “=”: 从“int”转换到“float”，可能丢失数据
d:\mycppworkplace\生态系统全部文件\冯韵菱 张靖鸿 c++生态系统\生态系统整合版\生态14\生态13.0\生态13.0.cpp(91): warning C4244: “=”: 从“int”转换到“float”，可能丢失数据
d:\mycppworkplace\生态系统全部文件\冯韵菱 张靖鸿 c++生态系统\生态系统整合版\生态14\生态13.0\生态13.0.cpp(92): warning C4305: “=”: 从“double”到“float”截断
d:\mycppworkplace\生态系统全部文件\冯韵菱 张靖鸿 c++生态系统\生态系统整合版\生态14\生态13.0\生态13.0.cpp(120): warning C4150: 删除指向不完整“ege::IMAGE”类型的指针；没有调用析构函数
  c:\program files (x86)\microsoft visual studio\2017\community\vc\tools\msvc\14.15.26726\include\ege.h(771): note: 参见“ege::IMAGE”的声明
d:\mycppworkplace\生态系统全部文件\冯韵菱 张靖鸿 c++生态系统\生态系统整合版\生态14\生态13.0\生态13.0.cpp(150): warning C4244: “参数”: 从“double”转换到“int”，可能丢失数据
d:\mycppworkplace\生态系统全部文件\冯韵菱 张靖鸿 c++生态系统\生态系统整合版\生态14\生态13.0\生态13.0.cpp(150): warning C4244: “参数”: 从“float”转换到“int”，可能丢失数据
d:\mycppworkplace\生态系统全部文件\冯韵菱 张靖鸿 c++生态系统\生态系统整合版\生态14\生态13.0\生态13.0.cpp(151): warning C4244: “参数”: 从“double”转换到“int”，可能丢失数据
d:\mycppworkplace\生态系统全部文件\冯韵菱 张靖鸿 c++生态系统\生态系统整合版\生态14\生态13.0\生态13.0.cpp(152): warning C4244: “参数”: 从“float”转换到“int”，可能丢失数据
d:\mycppworkplace\生态系统全部文件\冯韵菱 张靖鸿 c++生态系统\生态系统整合版\生态14\生态13.0\生态13.0.cpp(155): warning C4244: “参数”: 从“float”转换到“int”，可能丢失数据
d:\mycppworkplace\生态系统全部文件\冯韵菱 张靖鸿 c++生态系统\生态系统整合版\生态14\生态13.0\生态13.0.cpp(158): warning C4244: “参数”: 从“double”转换到“int”，可能丢失数据
d:\mycppworkplace\生态系统全部文件\冯韵菱 张靖鸿 c++生态系统\生态系统整合版\生态14\生态13.0\生态13.0.cpp(158): warning C4244: “参数”: 从“float”转换到“int”，可能丢失数据
MSVCRTD.lib(initializers.obj) : warning LNK4098: 默认库“msvcrt.lib”与其他库的使用冲突；请使用 /NODEFAULTLIB:library
  生态13.0.vcxproj -> D:\MyCppworkplace\生态系统全部文件\冯韵菱 张靖鸿 C++生态系统\生态系统整合版\生态14\Debug\生态13.0.exe
